exists 4:13
Error : exists_modified('umuntu', 'unyaka', 'integer')
Error : exists_modified('indlovu', 'unyaka', 'integer')
Error : exists_modified('itafula', 'isisindo', 'integer')
Error : exists_modified('isithelo', 'inani', 'integer')

exists 4:13
Error : exists_modified('umuntu', 'unyaka', 'integer')
Error : exists_modified('indlovu', 'unyaka', 'integer')
Error : exists_modified('itafula', 'isisindo', 'integer')
Error : exists_modified('isithelo', 'inani', 'integer')

exists 4:13
Error : exists_modified('umuntu', 'unyaka', 'integer')
Error : exists_modified('indlovu', 'unyaka', 'integer')
Error : exists_modified('itafula', 'isisindo', 'integer')
Error : exists_modified('isithelo', 'inani', 'integer')

exists 4:13
Error : exists_modified('umuntu', 'unyaka', 'integer')
Error : exists_modified('indlovu', 'unyaka', 'integer')
Error : exists_modified('itafula', 'isisindo', 'integer')
Error : exists_modified('isithelo', 'inani', 'integer')

exists 1:9
Error : exists_modified('isibhedlela', 'qeqesha', 'umfundi', 7, 'EXACTLY')

exists 1:9
Error : exists_modified('isibhedlela', 'qeqesha', 'umfundi', 7, 'EXACTLY')

aaaa 4:9
Error : wp('i-okhestra', 'isazi_somnyuziki')
Error : wp('ikhompyutha', 'umqondo_womshini')
Error : wp('iqembu_labahlinzi', 'udokotela')
Error : wp('isisu', 'indilinga_yokudla')

exists 10:19
Error : exists_modified('ibhubesi', 'dla', 'impala')
Error : exists_modified('indlovu', 'dla', 'ihlamvana')
Error : exists_modified('indlulamithi', 'dla', 'ihlamvana')
Error : exists_modified('inkawu', 'dla', 'isithelo')
Error : exists_modified('isifundo', 'fundiswa', 'uSolwazi')
Error : exists_modified('uSolwazi', 'fundisa', 'isifundo')
Error : exists_modified('ukusebenza', 'yawufeza', 'umsebenzi_onqunyiwe')
Error : exists_modified('umfundi_ongenaziqu', 'enza', 'isifundo')
Error : exists_modified('umuntu', 'dla', 'isithelo')
Error : exists_modified('umuntu', 'phuza', 'uketshezi')

eeee 3:3
Error : wp_solid_p('igazi', 'isampula_igazi')
Error : wp_solid_p('isinkwa', 'ucezu_isinkwa')
Error : wp_solid_p('ukhilimu_oyiqhwa', 'ukukhota_ukhilimu_oyiqhwa')

ffff 2:3
Error : pw_ci('indilinga_yokudla', 'isisu')
Error : pw_ci('umqondo_womshini', 'ikhompyutha')

akhiwe 2:5
Error : akhiwe('indlu', 'itshe')
Error : akhiwe('ivazi', 'ubumba')

nexist 1:5
Error : nexist_zu('umuntu', 'feza', 'umsebenzi_onqunyiwe')

ingxenye 1:5
Error : pw('isazi_somnyuziki', 'i-okhestra')

hlanganyele 1:2
Error : pw_pi_c('iqembu_labahlinzi', 'ukuhlinza')

isiqephu 3:3
Error : pw_solid_p('isampula_igazi', 'igazi')
Error : pw_solid_p('ucezu_isinkwa', 'isinkwa')
Error : pw_solid_p('ukukhota_ukhilimu_oyiqhwa', 'ukhilimu_oyiqhwa')

umunxa 1:2
Error : pw_spatial_p('ithiyetha_yokuhlinzela', 'isibhedlela')

bbbb 1:2
Error : wp_cp('ukuhlinza', 'iqembu_labahlinzi')

disjoint 2:14
Error : nisa_zu('imifino', 'inyama')
Error : nisa_zu('isipuni', 'umfoloko')

aaaa 4:9
Error : wp('i-okhestra', 'isazi_somnyuziki')
Error : wp('ikhompyutha', 'umqondo_womshini')
Error : wp('iqembu_labahlinzi', 'udokotela')
Error : wp('isisu', 'indilinga_yokudla')

exists 10:19
Error : exists_modified('ibhubesi', 'dla', 'impala')
Error : exists_modified('indlovu', 'dla', 'ihlamvana')
Error : exists_modified('indlulamithi', 'dla', 'ihlamvana')
Error : exists_modified('inkawu', 'dla', 'isithelo')
Error : exists_modified('isifundo', 'fundiswa', 'uSolwazi')
Error : exists_modified('uSolwazi', 'fundisa', 'isifundo')
Error : exists_modified('ukusebenza', 'yawufeza', 'umsebenzi_onqunyiwe')
Error : exists_modified('umfundi_ongenaziqu', 'enza', 'isifundo')
Error : exists_modified('umuntu', 'dla', 'isithelo')
Error : exists_modified('umuntu', 'phuza', 'uketshezi')

eeee 3:3
Error : wp_solid_p('igazi', 'isampula_igazi')
Error : wp_solid_p('isinkwa', 'ucezu_isinkwa')
Error : wp_solid_p('ukhilimu_oyiqhwa', 'ukukhota_ukhilimu_oyiqhwa')

ffff 2:3
Error : pw_ci('indilinga_yokudla', 'isisu')
Error : pw_ci('umqondo_womshini', 'ikhompyutha')

akhiwe 2:5
Error : akhiwe('indlu', 'itshe')
Error : akhiwe('ivazi', 'ubumba')

nexist 1:5
Error : nexist_zu('umuntu', 'feza', 'umsebenzi_onqunyiwe')

ingxenye 1:5
Error : pw('isazi_somnyuziki', 'i-okhestra')

hlanganyele 1:2
Error : pw_pi_c('iqembu_labahlinzi', 'ukuhlinza')

isiqephu 3:3
Error : pw_solid_p('isampula_igazi', 'igazi')
Error : pw_solid_p('ucezu_isinkwa', 'isinkwa')
Error : pw_solid_p('ukukhota_ukhilimu_oyiqhwa', 'ukhilimu_oyiqhwa')

umunxa 1:2
Error : pw_spatial_p('ithiyetha_yokuhlinzela', 'isibhedlela')

bbbb 1:2
Error : wp_cp('ukuhlinza', 'iqembu_labahlinzi')

disjoint 2:14
Error : nisa_zu('imifino', 'inyama')
Error : nisa_zu('isipuni', 'umfoloko')

aaaa 4:9
Error : wp('i-okhestra', 'isazi_somnyuziki')
Error : wp('ikhompyutha', 'umqondo_womshini')
Error : wp('iqembu_labahlinzi', 'udokotela')
Error : wp('isisu', 'indilinga_yokudla')

exists 10:10
Error : exists_modified('ibhubesi', 'dla', 'impala')
Error : exists_modified('indlovu', 'dla', 'ihlamvana')
Error : exists_modified('indlulamithi', 'dla', 'ihlamvana')
Error : exists_modified('inkawu', 'dla', 'isithelo')
Error : exists_modified('isifundo', 'fundiswa', 'uSolwazi')
Error : exists_modified('uSolwazi', 'fundisa', 'isifundo')
Error : exists_modified('ukusebenza', 'yawufeza', 'umsebenzi_onqunyiwe')
Error : exists_modified('umfundi_ongenaziqu', 'enza', 'isifundo')
Error : exists_modified('umuntu', 'dla', 'isithelo')
Error : exists_modified('umuntu', 'phuza', 'uketshezi')

eeee 3:3
Error : wp_solid_p('igazi', 'isampula_igazi')
Error : wp_solid_p('isinkwa', 'ucezu_isinkwa')
Error : wp_solid_p('ukhilimu_oyiqhwa', 'ukukhota_ukhilimu_oyiqhwa')

ffff 2:3
Error : pw_ci('indilinga_yokudla', 'isisu')
Error : pw_ci('umqondo_womshini', 'ikhompyutha')

akhiwe 2:2
Error : akhiwe('indlu', 'itshe')
Error : akhiwe('ivazi', 'ubumba')

nexist 1:5
Error : nexist_zu('umuntu', 'feza', 'umsebenzi_onqunyiwe')

ingxenye 1:5
Error : pw('isazi_somnyuziki', 'i-okhestra')

hlanganyele 1:2
Error : pw_pi_c('iqembu_labahlinzi', 'ukuhlinza')

isiqephu 3:3
Error : pw_solid_p('isampula_igazi', 'igazi')
Error : pw_solid_p('ucezu_isinkwa', 'isinkwa')
Error : pw_solid_p('ukukhota_ukhilimu_oyiqhwa', 'ukhilimu_oyiqhwa')

umunxa 1:2
Error : pw_spatial_p('ithiyetha_yokuhlinzela', 'isibhedlela')

bbbb 1:2
Error : wp_cp('ukuhlinza', 'iqembu_labahlinzi')

disjoint 2:14
Error : nisa_zu('imifino', 'inyama')
Error : nisa_zu('isipuni', 'umfoloko')

aaaa 4:9
Error : wp('i-okhestra', 'isazi_somnyuziki')
Error : wp('ikhompyutha', 'umqondo_womshini')
Error : wp('iqembu_labahlinzi', 'udokotela')
Error : wp('isisu', 'indilinga_yokudla')

exists 10:10
Error : exists_modified('ibhubesi', 'dla', 'impala')
Error : exists_modified('indlovu', 'dla', 'ihlamvana')
Error : exists_modified('indlulamithi', 'dla', 'ihlamvana')
Error : exists_modified('inkawu', 'dla', 'isithelo')
Error : exists_modified('isifundo', 'fundiswa', 'uSolwazi')
Error : exists_modified('uSolwazi', 'fundisa', 'isifundo')
Error : exists_modified('ukusebenza', 'yawufeza', 'umsebenzi_onqunyiwe')
Error : exists_modified('umfundi_ongenaziqu', 'enza', 'isifundo')
Error : exists_modified('umuntu', 'dla', 'isithelo')
Error : exists_modified('umuntu', 'phuza', 'uketshezi')

eeee 3:3
Error : wp_solid_p('igazi', 'isampula_igazi')
Error : wp_solid_p('isinkwa', 'ucezu_isinkwa')
Error : wp_solid_p('ukhilimu_oyiqhwa', 'ukukhota_ukhilimu_oyiqhwa')

ffff 2:3
Error : pw_ci('indilinga_yokudla', 'isisu')
Error : pw_ci('umqondo_womshini', 'ikhompyutha')

akhiwe 2:2
Error : akhiwe('indlu', 'itshe')
Error : akhiwe('ivazi', 'ubumba')

nexist 1:5
Error : nexist_zu('umuntu', 'feza', 'umsebenzi_onqunyiwe')

ingxenye 1:5
Error : pw('isazi_somnyuziki', 'i-okhestra')

hlanganyele 1:2
Error : pw_pi_c('iqembu_labahlinzi', 'ukuhlinza')

isiqephu 3:3
Error : pw_solid_p('isampula_igazi', 'igazi')
Error : pw_solid_p('ucezu_isinkwa', 'isinkwa')
Error : pw_solid_p('ukukhota_ukhilimu_oyiqhwa', 'ukhilimu_oyiqhwa')

umunxa 1:2
Error : pw_spatial_p('ithiyetha_yokuhlinzela', 'isibhedlela')

bbbb 1:2
Error : wp_cp('ukuhlinza', 'iqembu_labahlinzi')

disjoint 2:14
Error : nisa_zu('imifino', 'inyama')
Error : nisa_zu('isipuni', 'umfoloko')

aaaa 4:9
Error : wp('i-okhestra', 'isazi_somnyuziki')
Error : wp('ikhompyutha', 'umqondo_womshini')
Error : wp('iqembu_labahlinzi', 'udokotela')
Error : wp('isisu', 'indilinga_yokudla')

exists 10:10
Error : exists_modified('ibhubesi', 'dla', 'impala')
Error : exists_modified('indlovu', 'dla', 'ihlamvana')
Error : exists_modified('indlulamithi', 'dla', 'ihlamvana')
Error : exists_modified('inkawu', 'dla', 'isithelo')
Error : exists_modified('isifundo', 'fundiswa', 'uSolwazi')
Error : exists_modified('uSolwazi', 'fundisa', 'isifundo')
Error : exists_modified('ukusebenza', 'yawufeza', 'umsebenzi_onqunyiwe')
Error : exists_modified('umfundi_ongenaziqu', 'enza', 'isifundo')
Error : exists_modified('umuntu', 'dla', 'isithelo')
Error : exists_modified('umuntu', 'phuza', 'uketshezi')

eeee 3:3
Error : wp_solid_p('igazi', 'isampula_igazi')
Error : wp_solid_p('isinkwa', 'ucezu_isinkwa')
Error : wp_solid_p('ukhilimu_oyiqhwa', 'ukukhota_ukhilimu_oyiqhwa')

ffff 2:3
Error : pw_ci('indilinga_yokudla', 'isisu')
Error : pw_ci('umqondo_womshini', 'ikhompyutha')

akhiwe 2:2
Error : akhiwe('indlu', 'itshe')
Error : akhiwe('ivazi', 'ubumba')

nexist 1:5
Error : nexist_zu('umuntu', 'feza', 'umsebenzi_onqunyiwe')

ingxenye 1:5
Error : pw('isazi_somnyuziki', 'i-okhestra')

hlanganyele 1:2
Error : pw_pi_c('iqembu_labahlinzi', 'ukuhlinza')

isiqephu 3:3
Error : pw_solid_p('isampula_igazi', 'igazi')
Error : pw_solid_p('ucezu_isinkwa', 'isinkwa')
Error : pw_solid_p('ukukhota_ukhilimu_oyiqhwa', 'ukhilimu_oyiqhwa')

umunxa 1:2
Error : pw_spatial_p('ithiyetha_yokuhlinzela', 'isibhedlela')

bbbb 1:2
Error : wp_cp('ukuhlinza', 'iqembu_labahlinzi')

disjoint 2:14
Error : nisa_zu('imifino', 'inyama')
Error : nisa_zu('isipuni', 'umfoloko')

aaaa 4:9
Error : wp('i-okhestra', 'isazi_somnyuziki')
Error : wp('ikhompyutha', 'umqondo_womshini')
Error : wp('iqembu_labahlinzi', 'udokotela')
Error : wp('isisu', 'indilinga_yokudla')

exists 10:10
Error : exists_modified('ibhubesi', 'dla', 'impala')
Error : exists_modified('indlovu', 'dla', 'ihlamvana')
Error : exists_modified('indlulamithi', 'dla', 'ihlamvana')
Error : exists_modified('inkawu', 'dla', 'isithelo')
Error : exists_modified('isifundo', 'fundiswa', 'uSolwazi')
Error : exists_modified('uSolwazi', 'fundisa', 'isifundo')
Error : exists_modified('ukusebenza', 'yawufeza', 'umsebenzi_onqunyiwe')
Error : exists_modified('umfundi_ongenaziqu', 'enza', 'isifundo')
Error : exists_modified('umuntu', 'dla', 'isithelo')
Error : exists_modified('umuntu', 'phuza', 'uketshezi')

eeee 3:3
Error : wp_solid_p('igazi', 'isampula_igazi')
Error : wp_solid_p('isinkwa', 'ucezu_isinkwa')
Error : wp_solid_p('ukhilimu_oyiqhwa', 'ukukhota_ukhilimu_oyiqhwa')

ffff 2:3
Error : pw_ci('indilinga_yokudla', 'isisu')
Error : pw_ci('umqondo_womshini', 'ikhompyutha')

akhiwe 2:2
Error : akhiwe('indlu', 'itshe')
Error : akhiwe('ivazi', 'ubumba')

nexist 1:5
Error : nexist_zu('umuntu', 'feza', 'umsebenzi_onqunyiwe')

ingxenye 1:5
Error : pw('isazi_somnyuziki', 'i-okhestra')

hlanganyele 1:2
Error : pw_pi_c('iqembu_labahlinzi', 'ukuhlinza')

isiqephu 3:3
Error : pw_solid_p('isampula_igazi', 'igazi')
Error : pw_solid_p('ucezu_isinkwa', 'isinkwa')
Error : pw_solid_p('ukukhota_ukhilimu_oyiqhwa', 'ukhilimu_oyiqhwa')

umunxa 1:2
Error : pw_spatial_p('ithiyetha_yokuhlinzela', 'isibhedlela')

bbbb 1:2
Error : wp_cp('ukuhlinza', 'iqembu_labahlinzi')

disjoint 2:14
Error : nisa_zu('imifino', 'inyama')
Error : nisa_zu('isipuni', 'umfoloko')

aaaa 4:9
Error : wp('i-okhestra', 'isazi_somnyuziki')
Error : wp('ikhompyutha', 'umqondo_womshini')
Error : wp('iqembu_labahlinzi', 'udokotela')
Error : wp('isisu', 'indilinga_yokudla')

exists 10:10
Error : exists_modified('ibhubesi', 'dla', 'impala')
Error : exists_modified('indlovu', 'dla', 'ihlamvana')
Error : exists_modified('indlulamithi', 'dla', 'ihlamvana')
Error : exists_modified('inkawu', 'dla', 'isithelo')
Error : exists_modified('isifundo', 'fundiswa', 'uSolwazi')
Error : exists_modified('uSolwazi', 'fundisa', 'isifundo')
Error : exists_modified('ukusebenza', 'yawufeza', 'umsebenzi_onqunyiwe')
Error : exists_modified('umfundi_ongenaziqu', 'enza', 'isifundo')
Error : exists_modified('umuntu', 'dla', 'isithelo')
Error : exists_modified('umuntu', 'phuza', 'uketshezi')

eeee 3:3
Error : wp_solid_p('igazi', 'isampula_igazi')
Error : wp_solid_p('isinkwa', 'ucezu_isinkwa')
Error : wp_solid_p('ukhilimu_oyiqhwa', 'ukukhota_ukhilimu_oyiqhwa')

ffff 2:3
Error : pw_ci('indilinga_yokudla', 'isisu')
Error : pw_ci('umqondo_womshini', 'ikhompyutha')

akhiwe 2:5
Error : akhiwe('indlu', 'itshe')
Error : akhiwe('ivazi', 'ubumba')

nexist 1:5
Error : nexist_zu('umuntu', 'feza', 'umsebenzi_onqunyiwe')

ingxenye 1:5
Error : pw('isazi_somnyuziki', 'i-okhestra')

hlanganyele 1:2
Error : pw_pi_c('iqembu_labahlinzi', 'ukuhlinza')

isiqephu 3:3
Error : pw_solid_p('isampula_igazi', 'igazi')
Error : pw_solid_p('ucezu_isinkwa', 'isinkwa')
Error : pw_solid_p('ukukhota_ukhilimu_oyiqhwa', 'ukhilimu_oyiqhwa')

umunxa 1:2
Error : pw_spatial_p('ithiyetha_yokuhlinzela', 'isibhedlela')

bbbb 1:2
Error : wp_cp('ukuhlinza', 'iqembu_labahlinzi')

disjoint 2:14
Error : nisa_zu('imifino', 'inyama')
Error : nisa_zu('isipuni', 'umfoloko')

aaaa 4:9
Error : wp('i-okhestra', 'isazi_somnyuziki')
Error : wp('ikhompyutha', 'umqondo_womshini')
Error : wp('iqembu_labahlinzi', 'udokotela')
Error : wp('isisu', 'indilinga_yokudla')

exists 10:19
Error : exists_modified('ibhubesi', 'dla', 'impala')
Error : exists_modified('indlovu', 'dla', 'ihlamvana')
Error : exists_modified('indlulamithi', 'dla', 'ihlamvana')
Error : exists_modified('inkawu', 'dla', 'isithelo')
Error : exists_modified('isifundo', 'fundiswa', 'uSolwazi')
Error : exists_modified('uSolwazi', 'fundisa', 'isifundo')
Error : exists_modified('ukusebenza', 'yawufeza', 'umsebenzi_onqunyiwe')
Error : exists_modified('umfundi_ongenaziqu', 'enza', 'isifundo')
Error : exists_modified('umuntu', 'dla', 'isithelo')
Error : exists_modified('umuntu', 'phuza', 'uketshezi')

eeee 3:3
Error : wp_solid_p('igazi', 'isampula_igazi')
Error : wp_solid_p('isinkwa', 'ucezu_isinkwa')
Error : wp_solid_p('ukhilimu_oyiqhwa', 'ukukhota_ukhilimu_oyiqhwa')

ffff 2:3
Error : pw_ci('indilinga_yokudla', 'isisu')
Error : pw_ci('umqondo_womshini', 'ikhompyutha')

akhiwe 2:5
Error : akhiwe('indlu', 'itshe')
Error : akhiwe('ivazi', 'ubumba')

nexist 1:5
Error : nexist_zu('umuntu', 'feza', 'umsebenzi_onqunyiwe')

ingxenye 1:5
Error : pw('isazi_somnyuziki', 'i-okhestra')

hlanganyele 1:2
Error : pw_pi_c('iqembu_labahlinzi', 'ukuhlinza')

isiqephu 3:3
Error : pw_solid_p('isampula_igazi', 'igazi')
Error : pw_solid_p('ucezu_isinkwa', 'isinkwa')
Error : pw_solid_p('ukukhota_ukhilimu_oyiqhwa', 'ukhilimu_oyiqhwa')

umunxa 1:2
Error : pw_spatial_p('ithiyetha_yokuhlinzela', 'isibhedlela')

bbbb 1:2
Error : wp_cp('ukuhlinza', 'iqembu_labahlinzi')

disjoint 2:14
Error : nisa_zu('imifino', 'inyama')
Error : nisa_zu('isipuni', 'umfoloko')

aaaa 4:9
Error : wp('i-okhestra', 'isazi_somnyuziki')
Error : wp('ikhompyutha', 'umqondo_womshini')
Error : wp('iqembu_labahlinzi', 'udokotela')
Error : wp('isisu', 'indilinga_yokudla')

exists 10:10
Error : exists_modified('ibhubesi', 'dla', 'impala')
Error : exists_modified('indlovu', 'dla', 'ihlamvana')
Error : exists_modified('indlulamithi', 'dla', 'ihlamvana')
Error : exists_modified('inkawu', 'dla', 'isithelo')
Error : exists_modified('isifundo', 'fundiswa', 'uSolwazi')
Error : exists_modified('uSolwazi', 'fundisa', 'isifundo')
Error : exists_modified('ukusebenza', 'yawufeza', 'umsebenzi_onqunyiwe')
Error : exists_modified('umfundi_ongenaziqu', 'enza', 'isifundo')
Error : exists_modified('umuntu', 'dla', 'isithelo')
Error : exists_modified('umuntu', 'phuza', 'uketshezi')

eeee 3:3
Error : wp_solid_p('igazi', 'isampula_igazi')
Error : wp_solid_p('isinkwa', 'ucezu_isinkwa')
Error : wp_solid_p('ukhilimu_oyiqhwa', 'ukukhota_ukhilimu_oyiqhwa')

ffff 2:3
Error : pw_ci('indilinga_yokudla', 'isisu')
Error : pw_ci('umqondo_womshini', 'ikhompyutha')

akhiwe 2:2
Error : akhiwe('indlu', 'itshe')
Error : akhiwe('ivazi', 'ubumba')

nexist 1:5
Error : nexist_zu('umuntu', 'feza', 'umsebenzi_onqunyiwe')

ingxenye 1:5
Error : pw('isazi_somnyuziki', 'i-okhestra')

hlanganyele 1:2
Error : pw_pi_c('iqembu_labahlinzi', 'ukuhlinza')

isiqephu 3:3
Error : pw_solid_p('isampula_igazi', 'igazi')
Error : pw_solid_p('ucezu_isinkwa', 'isinkwa')
Error : pw_solid_p('ukukhota_ukhilimu_oyiqhwa', 'ukhilimu_oyiqhwa')

umunxa 1:2
Error : pw_spatial_p('ithiyetha_yokuhlinzela', 'isibhedlela')

bbbb 1:2
Error : wp_cp('ukuhlinza', 'iqembu_labahlinzi')

disjoint 2:14
Error : nisa_zu('imifino', 'inyama')
Error : nisa_zu('isipuni', 'umfoloko')

